<?xml version="1.0" encoding="UTF-8"?>
<testng-results total="2" passed="2" failed="0" skipped="0">
  <reporter-output>
  </reporter-output>
  <suite started-at="2022-10-28T09:50:47Z" name="Default suite" finished-at="2022-10-28T09:51:24Z" duration-ms="36993">
    <groups>
    </groups>
    <test started-at="2022-10-28T09:50:47Z" name="Default test" finished-at="2022-10-28T09:51:24Z" duration-ms="36993">
      <class name="Casestudy.testng">
        <test-method is-config="true" signature="beforetest()[pri:0, instance:Casestudy.testng@5b367418]" started-at="2022-10-28T15:20:47Z" name="beforetest" finished-at="2022-10-28T15:20:59Z" duration-ms="11980" status="PASS">
          <reporter-output>
          </reporter-output>
        </test-method> <!-- beforetest -->
        <test-method signature="Testcase1()[pri:0, instance:Casestudy.testng@5b367418]" started-at="2022-10-28T15:20:59Z" name="Testcase1" finished-at="2022-10-28T15:21:17Z" duration-ms="18559" status="PASS">
          <reporter-output>
          </reporter-output>
        </test-method> <!-- Testcase1 -->
        <test-method signature="Testcase3()[pri:0, instance:Casestudy.testng@5b367418]" started-at="2022-10-28T15:21:17Z" name="Testcase3" finished-at="2022-10-28T15:21:24Z" duration-ms="6421" status="PASS">
          <reporter-output>
          </reporter-output>
        </test-method> <!-- Testcase3 -->
      </class> <!-- Casestudy.testng -->
    </test> <!-- Default test -->
  </suite> <!-- Default suite -->
</testng-results>
