<?xml version="1.0" encoding="UTF-8"?>
<testng-results total="2" passed="2" failed="0" skipped="0">
  <reporter-output>
  </reporter-output>
  <suite started-at="2022-11-04T04:09:31Z" name="Default suite" finished-at="2022-11-04T04:09:59Z" duration-ms="28486">
    <groups>
      <group name="cucumber">
        <method signature="AbstractTestNGCucumberTests.runScenario(io.cucumber.testng.PickleWrapper, io.cucumber.testng.FeatureWrapper)[pri:0, instance:runner.gururun@78641d23]" name="runScenario" class="io.cucumber.testng.AbstractTestNGCucumberTests"/>
      </group> <!-- cucumber -->
    </groups>
    <test started-at="2022-11-04T04:09:31Z" name="Default test" finished-at="2022-11-04T04:09:59Z" duration-ms="28486">
      <class name="runner.gururun">
        <test-method is-config="true" signature="setUpClass(org.testng.ITestContext)[pri:0, instance:runner.gururun@78641d23]" started-at="2022-11-04T09:39:31Z" name="setUpClass" finished-at="2022-11-04T09:39:31Z" duration-ms="689" status="PASS">
          <params>
            <param index="0">
              <value>
                <![CDATA[org.testng.TestRunner@3e05586b]]>
              </value>
            </param>
          </params>
          <reporter-output>
          </reporter-output>
        </test-method> <!-- setUpClass -->
        <test-method signature="runScenario(io.cucumber.testng.PickleWrapper, io.cucumber.testng.FeatureWrapper)[pri:0, instance:runner.gururun@78641d23]" started-at="2022-11-04T09:39:31Z" name="runScenario" description="Runs Cucumber Scenarios" data-provider="scenarios" finished-at="2022-11-04T09:39:47Z" duration-ms="15998" status="PASS">
          <params>
            <param index="0">
              <value>
                <![CDATA["Test with Valid Data"]]>
              </value>
            </param>
            <param index="1">
              <value>
                <![CDATA["Optional[Test guru99]"]]>
              </value>
            </param>
          </params>
          <reporter-output>
          </reporter-output>
        </test-method> <!-- runScenario -->
        <test-method signature="runScenario(io.cucumber.testng.PickleWrapper, io.cucumber.testng.FeatureWrapper)[pri:0, instance:runner.gururun@78641d23]" started-at="2022-11-04T09:39:47Z" name="runScenario" description="Runs Cucumber Scenarios" data-provider="scenarios" finished-at="2022-11-04T09:39:59Z" duration-ms="11732" status="PASS">
          <params>
            <param index="0">
              <value>
                <![CDATA["Test with Valid Data"]]>
              </value>
            </param>
            <param index="1">
              <value>
                <![CDATA["Optional[Test guru99]"]]>
              </value>
            </param>
          </params>
          <reporter-output>
          </reporter-output>
        </test-method> <!-- runScenario -->
        <test-method is-config="true" signature="tearDownClass()[pri:0, instance:runner.gururun@78641d23]" started-at="2022-11-04T09:39:59Z" name="tearDownClass" finished-at="2022-11-04T09:39:59Z" duration-ms="17" status="PASS">
          <reporter-output>
          </reporter-output>
        </test-method> <!-- tearDownClass -->
      </class> <!-- runner.gururun -->
    </test> <!-- Default test -->
  </suite> <!-- Default suite -->
</testng-results>
