<?xml version="1.0" encoding="UTF-8"?>
<testng-results total="2" passed="2" failed="0" skipped="0">
  <reporter-output>
  </reporter-output>
  <suite started-at="2022-11-03T16:20:13Z" name="Surefire suite" finished-at="2022-11-03T16:20:47Z" duration-ms="34264">
    <groups>
      <group name="cucumber">
        <method signature="AbstractTestNGCucumberTests.runScenario(io.cucumber.testng.PickleWrapper, io.cucumber.testng.FeatureWrapper)[pri:0, instance:runner.gururun@1a052a00]" name="runScenario" class="io.cucumber.testng.AbstractTestNGCucumberTests"/>
      </group> <!-- cucumber -->
    </groups>
    <test started-at="2022-11-03T16:20:13Z" name="Surefire test" finished-at="2022-11-03T16:20:47Z" duration-ms="34264">
      <class name="runner.gururun">
        <test-method is-config="true" signature="setUpClass(org.testng.ITestContext)[pri:0, instance:runner.gururun@1a052a00]" started-at="2022-11-03T21:50:13Z" name="setUpClass" finished-at="2022-11-03T21:50:14Z" duration-ms="685" status="PASS">
          <params>
            <param index="0">
              <value>
                <![CDATA[org.testng.TestRunner@6415f61e]]>
              </value>
            </param>
          </params>
          <reporter-output>
          </reporter-output>
        </test-method> <!-- setUpClass -->
        <test-method signature="runScenario(io.cucumber.testng.PickleWrapper, io.cucumber.testng.FeatureWrapper)[pri:0, instance:runner.gururun@1a052a00]" started-at="2022-11-03T21:50:14Z" name="runScenario" description="Runs Cucumber Scenarios" data-provider="scenarios" finished-at="2022-11-03T21:50:34Z" duration-ms="20213" status="PASS">
          <params>
            <param index="0">
              <value>
                <![CDATA["Test with Valid Data"]]>
              </value>
            </param>
            <param index="1">
              <value>
                <![CDATA["Optional[Test guru99]"]]>
              </value>
            </param>
          </params>
          <reporter-output>
          </reporter-output>
        </test-method> <!-- runScenario -->
        <test-method signature="runScenario(io.cucumber.testng.PickleWrapper, io.cucumber.testng.FeatureWrapper)[pri:0, instance:runner.gururun@1a052a00]" started-at="2022-11-03T21:50:34Z" name="runScenario" description="Runs Cucumber Scenarios" data-provider="scenarios" finished-at="2022-11-03T21:50:47Z" duration-ms="13314" status="PASS">
          <params>
            <param index="0">
              <value>
                <![CDATA["Test with Valid Data"]]>
              </value>
            </param>
            <param index="1">
              <value>
                <![CDATA["Optional[Test guru99]"]]>
              </value>
            </param>
          </params>
          <reporter-output>
          </reporter-output>
        </test-method> <!-- runScenario -->
        <test-method is-config="true" signature="tearDownClass()[pri:0, instance:runner.gururun@1a052a00]" started-at="2022-11-03T21:50:47Z" name="tearDownClass" finished-at="2022-11-03T21:50:47Z" duration-ms="19" status="PASS">
          <reporter-output>
          </reporter-output>
        </test-method> <!-- tearDownClass -->
      </class> <!-- runner.gururun -->
    </test> <!-- Surefire test -->
  </suite> <!-- Surefire suite -->
</testng-results>
