<?xml version="1.0" encoding="UTF-8"?>
<testng-results ignored="0" total="1" passed="1" failed="0" skipped="0">
  <reporter-output>
  </reporter-output>
  <suite started-at="2022-12-06T21:03:25 IST" name="Default suite" finished-at="2022-12-06T21:05:03 IST" duration-ms="98047">
    <groups>
    </groups>
    <test started-at="2022-12-06T21:03:25 IST" name="Default test" finished-at="2022-12-06T21:05:03 IST" duration-ms="98047">
      <class name="webapp.task">
        <test-method is-config="true" signature="beforetest()[pri:0, instance:webapp.task@1ed6388a]" started-at="2022-12-06T21:03:25 IST" name="beforetest" finished-at="2022-12-06T21:03:45 IST" duration-ms="20802" status="PASS">
          <reporter-output>
          </reporter-output>
        </test-method> <!-- beforetest -->
        <test-method signature="test()[pri:0, instance:webapp.task@1ed6388a]" started-at="2022-12-06T21:03:46 IST" name="test" finished-at="2022-12-06T21:05:03 IST" duration-ms="77011" status="PASS">
          <reporter-output>
          </reporter-output>
        </test-method> <!-- test -->
      </class> <!-- webapp.task -->
    </test> <!-- Default test -->
  </suite> <!-- Default suite -->
</testng-results>
